{"/Users/olamidejubril/Documents/git-clone/yassir-backend/src/app.ts": {"path":"/Users/olamidejubril/Documents/git-clone/yassir-backend/src/app.ts","statementMap":{"0":{"start":{"line":1,"column":0},"end":{"line":1,"column":30}},"1":{"start":{"line":2,"column":0},"end":{"line":2,"column":24}},"2":{"start":{"line":3,"column":0},"end":{"line":3,"column":28}},"3":{"start":{"line":5,"column":0},"end":{"line":5,"column":37}},"4":{"start":{"line":7,"column":0},"end":{"line":7,"column":44}},"5":{"start":{"line":8,"column":0},"end":{"line":8,"column":55}},"6":{"start":{"line":10,"column":12},"end":{"line":10,"column":21}},"7":{"start":{"line":38,"column":9},"end":{"line":38,"column":12}},"8":{"start":{"line":11,"column":37},"end":{"line":11,"column":39}},"9":{"start":{"line":38,"column":14},"end":{"line":38,"column":20}},"10":{"start":{"line":12,"column":13},"end":{"line":12,"column":24}},"11":{"start":{"line":38,"column":22},"end":{"line":38,"column":26}},"12":{"start":{"line":16,"column":0},"end":{"line":16,"column":16}},"13":{"start":{"line":20,"column":0},"end":{"line":20,"column":18}},"14":{"start":{"line":25,"column":0},"end":{"line":25,"column":40}},"15":{"start":{"line":29,"column":0},"end":{"line":29,"column":49}},"16":{"start":{"line":31,"column":0},"end":{"line":33,"column":null}},"17":{"start":{"line":32,"column":2},"end":{"line":32,"column":25}},"18":{"start":{"line":36,"column":0},"end":{"line":36,"column":32}}},"fnMap":{},"branchMap":{"0":{"loc":{"start":{"line":31,"column":0},"end":{"line":33,"column":null}},"type":"if","locations":[{"start":{"line":31,"column":0},"end":{"line":33,"column":null}}]}},"s":{"0":1,"1":1,"2":1,"3":1,"4":1,"5":1,"6":1,"7":1,"8":1,"9":1,"10":1,"11":1,"12":1,"13":1,"14":1,"15":1,"16":1,"17":0,"18":1},"f":{},"b":{"0":[0]}}
,"/Users/olamidejubril/Documents/git-clone/yassir-backend/src/server.ts": {"path":"/Users/olamidejubril/Documents/git-clone/yassir-backend/src/server.ts","statementMap":{"0":{"start":{"line":1,"column":0},"end":{"line":1,"column":24}},"1":{"start":{"line":2,"column":0},"end":{"line":2,"column":42}},"2":{"start":{"line":3,"column":0},"end":{"line":3,"column":49}},"3":{"start":{"line":4,"column":0},"end":{"line":4,"column":51}},"4":{"start":{"line":5,"column":0},"end":{"line":5,"column":61}},"5":{"start":{"line":9,"column":2},"end":{"line":9,"column":24}},"6":{"start":{"line":11,"column":17},"end":{"line":11,"column":39}},"7":{"start":{"line":12,"column":2},"end":{"line":12,"column":22}},"8":{"start":{"line":13,"column":2},"end":{"line":13,"column":30}},"9":{"start":{"line":14,"column":2},"end":{"line":24,"column":5}},"10":{"start":{"line":15,"column":17},"end":{"line":15,"column":33}},"11":{"start":{"line":16,"column":17},"end":{"line":16,"column":81}},"12":{"start":{"line":17,"column":4},"end":{"line":17,"column":53}},"13":{"start":{"line":19,"column":4},"end":{"line":23,"column":null}},"14":{"start":{"line":20,"column":6},"end":{"line":22,"column":9}},"15":{"start":{"line":21,"column":8},"end":{"line":21,"column":67}},"16":{"start":{"line":26,"column":2},"end":{"line":26,"column":16}},"17":{"start":{"line":31,"column":2},"end":{"line":31,"column":29}},"18":{"start":{"line":33,"column":2},"end":{"line":33,"column":29}},"19":{"start":{"line":35,"column":17},"end":{"line":35,"column":31}},"20":{"start":{"line":36,"column":2},"end":{"line":36,"column":16}},"21":{"start":{"line":29,"column":0},"end":{"line":29,"column":30}},"22":{"start":{"line":39,"column":0},"end":{"line":41,"column":null}},"23":{"start":{"line":40,"column":2},"end":{"line":40,"column":9}}},"fnMap":{"0":{"name":"createServer","decl":{"start":{"line":8,"column":9},"end":{"line":8,"column":21}},"loc":{"start":{"line":8,"column":21},"end":{"line":27,"column":1}}},"1":{"name":"(anonymous_9)","decl":{"start":{"line":14,"column":25},"end":{"line":14,"column":28}},"loc":{"start":{"line":14,"column":30},"end":{"line":24,"column":3}}},"2":{"name":"(anonymous_10)","decl":{"start":{"line":20,"column":21},"end":{"line":20,"column":22}},"loc":{"start":{"line":20,"column":51},"end":{"line":22,"column":7}}},"3":{"name":"main","decl":{"start":{"line":29,"column":30},"end":{"line":29,"column":34}},"loc":{"start":{"line":29,"column":34},"end":{"line":37,"column":null}}}},"branchMap":{"0":{"loc":{"start":{"line":16,"column":17},"end":{"line":16,"column":81}},"type":"cond-expr","locations":[{"start":{"line":16,"column":44},"end":{"line":16,"column":58}},{"start":{"line":16,"column":61},"end":{"line":16,"column":81}}]},"1":{"loc":{"start":{"line":16,"column":69},"end":{"line":16,"column":79}},"type":"cond-expr","locations":[{"start":{"line":16,"column":73},"end":{"line":16,"column":75}},{"start":{"line":16,"column":69},"end":{"line":16,"column":79}}]},"2":{"loc":{"start":{"line":16,"column":69},"end":{"line":16,"column":75}},"type":"binary-expr","locations":[{"start":{"line":16,"column":69},"end":{"line":16,"column":75}},{"start":{"line":16,"column":69},"end":{"line":16,"column":75}}]},"3":{"loc":{"start":{"line":19,"column":4},"end":{"line":23,"column":null}},"type":"if","locations":[{"start":{"line":19,"column":4},"end":{"line":23,"column":null}}]},"4":{"loc":{"start":{"line":39,"column":0},"end":{"line":41,"column":null}},"type":"if","locations":[{"start":{"line":39,"column":0},"end":{"line":41,"column":null}}]}},"s":{"0":1,"1":1,"2":1,"3":1,"4":1,"5":5,"6":5,"7":5,"8":5,"9":5,"10":5,"11":5,"12":5,"13":5,"14":0,"15":0,"16":5,"17":5,"18":5,"19":5,"20":5,"21":1,"22":1,"23":0},"f":{"0":5,"1":5,"2":0,"3":5},"b":{"0":[0,5],"1":[0,5],"2":[5,5],"3":[0],"4":[0]}}
,"/Users/olamidejubril/Documents/git-clone/yassir-backend/src/api/apiRoutes.ts": {"path":"/Users/olamidejubril/Documents/git-clone/yassir-backend/src/api/apiRoutes.ts","statementMap":{"0":{"start":{"line":2,"column":0},"end":{"line":2,"column":65}},"1":{"start":{"line":3,"column":0},"end":{"line":3,"column":55}},"2":{"start":{"line":4,"column":0},"end":{"line":4,"column":38}},"3":{"start":{"line":6,"column":19},"end":{"line":6,"column":32}},"4":{"start":{"line":10,"column":4},"end":{"line":10,"column":28}},"5":{"start":{"line":20,"column":4},"end":{"line":22,"column":null}},"6":{"start":{"line":29,"column":4},"end":{"line":31,"column":null}},"7":{"start":{"line":33,"column":4},"end":{"line":33,"column":20}},"8":{"start":{"line":8,"column":0},"end":{"line":8,"column":13}}},"fnMap":{"0":{"name":"(anonymous_1)","decl":{"start":{"line":9,"column":2},"end":{"line":9,"column":14}},"loc":{"start":{"line":9,"column":30},"end":{"line":11,"column":3}}},"1":{"name":"(anonymous_2)","decl":{"start":{"line":13,"column":2},"end":{"line":13,"column":17}},"loc":{"start":{"line":13,"column":17},"end":{"line":34,"column":3}}}},"branchMap":{},"s":{"0":1,"1":1,"2":1,"3":1,"4":1,"5":1,"6":1,"7":1,"8":1},"f":{"0":1,"1":1},"b":{}}
,"/Users/olamidejubril/Documents/git-clone/yassir-backend/src/api/controller/apiController.ts": {"path":"/Users/olamidejubril/Documents/git-clone/yassir-backend/src/api/controller/apiController.ts","statementMap":{"0":{"start":{"line":2,"column":0},"end":{"line":2,"column":44}},"1":{"start":{"line":3,"column":0},"end":{"line":3,"column":59}},"2":{"start":{"line":4,"column":0},"end":{"line":4,"column":78}},"3":{"start":{"line":8,"column":36},"end":{"line":8,"column":45}},"4":{"start":{"line":12,"column":4},"end":{"line":14,"column":null}},"5":{"start":{"line":13,"column":6},"end":{"line":13,"column":89}},"6":{"start":{"line":16,"column":16},"end":{"line":16,"column":46}},"7":{"start":{"line":17,"column":16},"end":{"line":17,"column":47}},"8":{"start":{"line":19,"column":4},"end":{"line":29,"column":null}},"9":{"start":{"line":20,"column":24},"end":{"line":20,"column":71}},"10":{"start":{"line":22,"column":21},"end":{"line":24,"column":null}},"11":{"start":{"line":26,"column":6},"end":{"line":26,"column":51}},"12":{"start":{"line":28,"column":6},"end":{"line":28,"column":92}},"13":{"start":{"line":33,"column":4},"end":{"line":50,"column":null}},"14":{"start":{"line":34,"column":27},"end":{"line":36,"column":15}},"15":{"start":{"line":38,"column":6},"end":{"line":45,"column":null}},"16":{"start":{"line":39,"column":21},"end":{"line":42,"column":null}},"17":{"start":{"line":44,"column":8},"end":{"line":44,"column":58}},"18":{"start":{"line":47,"column":6},"end":{"line":47,"column":70}},"19":{"start":{"line":49,"column":6},"end":{"line":49,"column":54}},"20":{"start":{"line":54,"column":0},"end":{"line":54,"column":35}}},"fnMap":{"0":{"name":"(anonymous_8)","decl":{"start":{"line":7,"column":8},"end":{"line":7,"column":31}},"loc":{"start":{"line":7,"column":59},"end":{"line":30,"column":null}}},"1":{"name":"(anonymous_10)","decl":{"start":{"line":32,"column":8},"end":{"line":32,"column":24}},"loc":{"start":{"line":32,"column":52},"end":{"line":51,"column":null}}}},"branchMap":{"0":{"loc":{"start":{"line":12,"column":4},"end":{"line":14,"column":null}},"type":"if","locations":[{"start":{"line":12,"column":4},"end":{"line":14,"column":null}}]},"1":{"loc":{"start":{"line":12,"column":8},"end":{"line":12,"column":31}},"type":"binary-expr","locations":[{"start":{"line":12,"column":8},"end":{"line":12,"column":17}},{"start":{"line":12,"column":21},"end":{"line":12,"column":31}}]},"2":{"loc":{"start":{"line":28,"column":34},"end":{"line":28,"column":85}},"type":"binary-expr","locations":[{"start":{"line":28,"column":34},"end":{"line":28,"column":47}},{"start":{"line":28,"column":51},"end":{"line":28,"column":85}}]},"3":{"loc":{"start":{"line":38,"column":6},"end":{"line":45,"column":null}},"type":"if","locations":[{"start":{"line":38,"column":6},"end":{"line":45,"column":null}}]},"4":{"loc":{"start":{"line":41,"column":17},"end":{"line":41,"column":46}},"type":"cond-expr","locations":[{"start":{"line":41,"column":39},"end":{"line":41,"column":41}},{"start":{"line":41,"column":39},"end":{"line":41,"column":46}}]},"5":{"loc":{"start":{"line":41,"column":17},"end":{"line":41,"column":41}},"type":"binary-expr","locations":[{"start":{"line":41,"column":17},"end":{"line":41,"column":41}},{"start":{"line":41,"column":39},"end":{"line":41,"column":41}}]}},"s":{"0":1,"1":1,"2":1,"3":4,"4":4,"5":2,"6":2,"7":2,"8":2,"9":2,"10":1,"11":1,"12":1,"13":1,"14":1,"15":1,"16":0,"17":0,"18":1,"19":0,"20":1},"f":{"0":4,"1":1},"b":{"0":[2],"1":[4,3],"2":[1,0],"3":[0],"4":[0,0],"5":[0,0]}}
,"/Users/olamidejubril/Documents/git-clone/yassir-backend/src/common/commonRouteConfig.ts": {"path":"/Users/olamidejubril/Documents/git-clone/yassir-backend/src/common/commonRouteConfig.ts","statementMap":{"0":{"start":{"line":8,"column":4},"end":{"line":8,"column":19}},"1":{"start":{"line":9,"column":4},"end":{"line":9,"column":21}},"2":{"start":{"line":10,"column":4},"end":{"line":10,"column":27}},"3":{"start":{"line":14,"column":4},"end":{"line":14,"column":21}},"4":{"start":{"line":3,"column":0},"end":{"line":3,"column":22}}},"fnMap":{"0":{"name":"(anonymous_0)","decl":{"start":{"line":7,"column":2},"end":{"line":7,"column":14}},"loc":{"start":{"line":7,"column":44},"end":{"line":11,"column":3}}},"1":{"name":"(anonymous_1)","decl":{"start":{"line":13,"column":2},"end":{"line":13,"column":9}},"loc":{"start":{"line":13,"column":9},"end":{"line":15,"column":3}}}},"branchMap":{},"s":{"0":1,"1":1,"2":1,"3":0,"4":1},"f":{"0":1,"1":0},"b":{}}
,"/Users/olamidejubril/Documents/git-clone/yassir-backend/src/common/responseHandler.ts": {"path":"/Users/olamidejubril/Documents/git-clone/yassir-backend/src/common/responseHandler.ts","statementMap":{"0":{"start":{"line":2,"column":0},"end":{"line":2,"column":37}},"1":{"start":{"line":10,"column":4},"end":{"line":12,"column":null}},"2":{"start":{"line":16,"column":4},"end":{"line":18,"column":null}},"3":{"start":{"line":22,"column":4},"end":{"line":24,"column":null}},"4":{"start":{"line":28,"column":4},"end":{"line":30,"column":null}},"5":{"start":{"line":34,"column":0},"end":{"line":34,"column":37}}},"fnMap":{"0":{"name":"(anonymous_1)","decl":{"start":{"line":9,"column":9},"end":{"line":9,"column":24}},"loc":{"start":{"line":9,"column":49},"end":{"line":13,"column":3}}},"1":{"name":"(anonymous_2)","decl":{"start":{"line":15,"column":9},"end":{"line":15,"column":25}},"loc":{"start":{"line":15,"column":56},"end":{"line":19,"column":3}}},"2":{"name":"(anonymous_3)","decl":{"start":{"line":21,"column":9},"end":{"line":21,"column":19}},"loc":{"start":{"line":21,"column":50},"end":{"line":25,"column":3}}},"3":{"name":"(anonymous_4)","decl":{"start":{"line":27,"column":9},"end":{"line":27,"column":20}},"loc":{"start":{"line":27,"column":48},"end":{"line":31,"column":3}}}},"branchMap":{},"s":{"0":1,"1":2,"2":0,"3":2,"4":1,"5":1},"f":{"0":2,"1":0,"2":2,"3":1},"b":{}}
,"/Users/olamidejubril/Documents/git-clone/yassir-backend/src/config/DBConfig.ts": {"path":"/Users/olamidejubril/Documents/git-clone/yassir-backend/src/config/DBConfig.ts","statementMap":{"0":{"start":{"line":1,"column":0},"end":{"line":1,"column":32}},"1":{"start":{"line":2,"column":0},"end":{"line":2,"column":42}},"2":{"start":{"line":4,"column":12},"end":{"line":4,"column":13}},"3":{"start":{"line":5,"column":0},"end":{"line":5,"column":35}},"4":{"start":{"line":6,"column":0},"end":{"line":6,"column":38}},"5":{"start":{"line":8,"column":27},"end":{"line":22,"column":null}},"6":{"start":{"line":8,"column":38},"end":{"line":22,"column":null}},"7":{"start":{"line":9,"column":16},"end":{"line":9,"column":44}},"8":{"start":{"line":11,"column":2},"end":{"line":21,"column":null}},"9":{"start":{"line":12,"column":4},"end":{"line":12,"column":72}},"10":{"start":{"line":13,"column":4},"end":{"line":13,"column":60}},"11":{"start":{"line":14,"column":4},"end":{"line":14,"column":66}},"12":{"start":{"line":16,"column":25},"end":{"line":16,"column":26}},"13":{"start":{"line":17,"column":4},"end":{"line":17,"column":118}},"14":{"start":{"line":18,"column":4},"end":{"line":18,"column":56}},"15":{"start":{"line":19,"column":4},"end":{"line":19,"column":19}},"16":{"start":{"line":20,"column":4},"end":{"line":20,"column":20}},"17":{"start":{"line":24,"column":0},"end":{"line":24,"column":34}}},"fnMap":{"0":{"name":"(anonymous_8)","decl":{"start":{"line":8,"column":27},"end":{"line":8,"column":36}},"loc":{"start":{"line":8,"column":38},"end":{"line":22,"column":null}}},"1":{"name":"(anonymous_9)","decl":{"start":{"line":8,"column":38},"end":{"line":8,"column":null}},"loc":{"start":{"line":8,"column":38},"end":{"line":22,"column":1}}}},"branchMap":{},"s":{"0":1,"1":1,"2":1,"3":1,"4":1,"5":1,"6":5,"7":5,"8":5,"9":5,"10":5,"11":5,"12":0,"13":0,"14":0,"15":0,"16":0,"17":1},"f":{"0":5,"1":5},"b":{}}
,"/Users/olamidejubril/Documents/git-clone/yassir-backend/src/config/config.ts": {"path":"/Users/olamidejubril/Documents/git-clone/yassir-backend/src/config/config.ts","statementMap":{"0":{"start":{"line":1,"column":0},"end":{"line":1,"column":28}},"1":{"start":{"line":2,"column":0},"end":{"line":2,"column":16}},"2":{"start":{"line":4,"column":15},"end":{"line":11,"column":null}},"3":{"start":{"line":13,"column":0},"end":{"line":13,"column":22}}},"fnMap":{},"branchMap":{},"s":{"0":2,"1":2,"2":2,"3":2},"f":{},"b":{}}
,"/Users/olamidejubril/Documents/git-clone/yassir-backend/src/config/cronJobs.ts": {"path":"/Users/olamidejubril/Documents/git-clone/yassir-backend/src/config/cronJobs.ts","statementMap":{"0":{"start":{"line":1,"column":0},"end":{"line":1,"column":29}},"1":{"start":{"line":2,"column":0},"end":{"line":2,"column":41}},"2":{"start":{"line":3,"column":0},"end":{"line":3,"column":75}},"3":{"start":{"line":4,"column":0},"end":{"line":4,"column":42}},"4":{"start":{"line":7,"column":25},"end":{"line":7,"column":34}},"5":{"start":{"line":8,"column":26},"end":{"line":8,"column":34}},"6":{"start":{"line":10,"column":2},"end":{"line":29,"column":null}},"7":{"start":{"line":11,"column":22},"end":{"line":14,"column":6}},"8":{"start":{"line":16,"column":4},"end":{"line":19,"column":null}},"9":{"start":{"line":17,"column":6},"end":{"line":17,"column":38}},"10":{"start":{"line":18,"column":6},"end":{"line":18,"column":13}},"11":{"start":{"line":21,"column":23},"end":{"line":23,"column":null}},"12":{"start":{"line":26,"column":4},"end":{"line":26,"column":28}},"13":{"start":{"line":28,"column":4},"end":{"line":28,"column":75}},"14":{"start":{"line":34,"column":2},"end":{"line":34,"column":58}},"15":{"start":{"line":33,"column":0},"end":{"line":33,"column":16}}},"fnMap":{"0":{"name":"fetchAndSaveParisAirQuality","decl":{"start":{"line":6,"column":15},"end":{"line":6,"column":42}},"loc":{"start":{"line":6,"column":42},"end":{"line":30,"column":null}}},"1":{"name":"startParisAirQualityCron","decl":{"start":{"line":33,"column":16},"end":{"line":33,"column":40}},"loc":{"start":{"line":33,"column":40},"end":{"line":35,"column":1}}}},"branchMap":{"0":{"loc":{"start":{"line":16,"column":4},"end":{"line":19,"column":null}},"type":"if","locations":[{"start":{"line":16,"column":4},"end":{"line":19,"column":null}}]}},"s":{"0":1,"1":1,"2":1,"3":1,"4":0,"5":0,"6":0,"7":0,"8":0,"9":0,"10":0,"11":0,"12":0,"13":0,"14":5,"15":1},"f":{"0":0,"1":5},"b":{"0":[0]}}
,"/Users/olamidejubril/Documents/git-clone/yassir-backend/src/config/requestLogger.ts": {"path":"/Users/olamidejubril/Documents/git-clone/yassir-backend/src/config/requestLogger.ts","statementMap":{"0":{"start":{"line":11,"column":2},"end":{"line":24,"column":5}},"1":{"start":{"line":12,"column":16},"end":{"line":12,"column":38}},"2":{"start":{"line":14,"column":4},"end":{"line":16,"column":null}},"3":{"start":{"line":15,"column":6},"end":{"line":15,"column":41}},"4":{"start":{"line":18,"column":4},"end":{"line":20,"column":null}},"5":{"start":{"line":19,"column":6},"end":{"line":19,"column":42}},"6":{"start":{"line":22,"column":4},"end":{"line":22,"column":43}},"7":{"start":{"line":23,"column":4},"end":{"line":23,"column":31}},"8":{"start":{"line":26,"column":2},"end":{"line":26,"column":9}},"9":{"start":{"line":10,"column":0},"end":{"line":10,"column":16}},"10":{"start":{"line":30,"column":2},"end":{"line":30,"column":59}},"11":{"start":{"line":31,"column":2},"end":{"line":31,"column":18}},"12":{"start":{"line":29,"column":0},"end":{"line":29,"column":16}}},"fnMap":{"0":{"name":"requestLogger","decl":{"start":{"line":10,"column":16},"end":{"line":10,"column":29}},"loc":{"start":{"line":10,"column":77},"end":{"line":27,"column":1}}},"1":{"name":"(anonymous_1)","decl":{"start":{"line":11,"column":21},"end":{"line":11,"column":24}},"loc":{"start":{"line":11,"column":26},"end":{"line":24,"column":3}}},"2":{"name":"onError","decl":{"start":{"line":29,"column":16},"end":{"line":29,"column":23}},"loc":{"start":{"line":29,"column":34},"end":{"line":32,"column":1}}}},"branchMap":{"0":{"loc":{"start":{"line":14,"column":4},"end":{"line":16,"column":null}},"type":"if","locations":[{"start":{"line":14,"column":4},"end":{"line":16,"column":null}}]},"1":{"loc":{"start":{"line":14,"column":8},"end":{"line":14,"column":52}},"type":"binary-expr","locations":[{"start":{"line":14,"column":8},"end":{"line":14,"column":16}},{"start":{"line":14,"column":20},"end":{"line":14,"column":52}}]},"2":{"loc":{"start":{"line":18,"column":4},"end":{"line":20,"column":null}},"type":"if","locations":[{"start":{"line":18,"column":4},"end":{"line":20,"column":null}}]},"3":{"loc":{"start":{"line":18,"column":8},"end":{"line":18,"column":54}},"type":"binary-expr","locations":[{"start":{"line":18,"column":8},"end":{"line":18,"column":17}},{"start":{"line":18,"column":21},"end":{"line":18,"column":54}}]}},"s":{"0":0,"1":0,"2":0,"3":0,"4":0,"5":0,"6":0,"7":0,"8":0,"9":1,"10":0,"11":0,"12":1},"f":{"0":0,"1":0,"2":0},"b":{"0":[0],"1":[0,0],"2":[0],"3":[0,0]}}
,"/Users/olamidejubril/Documents/git-clone/yassir-backend/src/model/airQuality.ts": {"path":"/Users/olamidejubril/Documents/git-clone/yassir-backend/src/model/airQuality.ts","statementMap":{"0":{"start":{"line":1,"column":0},"end":{"line":1,"column":32}},"1":{"start":{"line":3,"column":25},"end":{"line":12,"column":24}},"2":{"start":{"line":14,"column":19},"end":{"line":14,"column":65}},"3":{"start":{"line":16,"column":13},"end":{"line":18,"column":null}}},"fnMap":{},"branchMap":{},"s":{"0":1,"1":1,"2":1,"3":1},"f":{},"b":{}}
,"/Users/olamidejubril/Documents/git-clone/yassir-backend/src/service/airQualityService.ts": {"path":"/Users/olamidejubril/Documents/git-clone/yassir-backend/src/service/airQualityService.ts","statementMap":{"0":{"start":{"line":1,"column":0},"end":{"line":1,"column":42}},"1":{"start":{"line":2,"column":0},"end":{"line":2,"column":38}},"2":{"start":{"line":34,"column":30},"end":{"line":34,"column":36}},"3":{"start":{"line":35,"column":23},"end":{"line":35,"column":29}},"4":{"start":{"line":38,"column":2},"end":{"line":40,"column":null}},"5":{"start":{"line":39,"column":4},"end":{"line":39,"column":75}},"6":{"start":{"line":42,"column":2},"end":{"line":44,"column":null}},"7":{"start":{"line":43,"column":4},"end":{"line":43,"column":97}},"8":{"start":{"line":46,"column":2},"end":{"line":48,"column":null}},"9":{"start":{"line":47,"column":4},"end":{"line":47,"column":100}},"10":{"start":{"line":50,"column":2},"end":{"line":69,"column":null}},"11":{"start":{"line":51,"column":21},"end":{"line":53,"column":6}},"12":{"start":{"line":56,"column":4},"end":{"line":58,"column":null}},"13":{"start":{"line":57,"column":6},"end":{"line":57,"column":85}},"14":{"start":{"line":60,"column":4},"end":{"line":60,"column":48}},"15":{"start":{"line":62,"column":4},"end":{"line":68,"column":null}},"16":{"start":{"line":63,"column":25},"end":{"line":63,"column":44}},"17":{"start":{"line":64,"column":6},"end":{"line":64,"column":58}},"18":{"start":{"line":66,"column":6},"end":{"line":66,"column":58}},"19":{"start":{"line":67,"column":6},"end":{"line":67,"column":87}},"20":{"start":{"line":33,"column":0},"end":{"line":33,"column":22}}},"fnMap":{"0":{"name":"fetchAirQualityByCoordinate","decl":{"start":{"line":33,"column":22},"end":{"line":33,"column":49}},"loc":{"start":{"line":33,"column":64},"end":{"line":70,"column":null}}}},"branchMap":{"0":{"loc":{"start":{"line":38,"column":2},"end":{"line":40,"column":null}},"type":"if","locations":[{"start":{"line":38,"column":2},"end":{"line":40,"column":null}}]},"1":{"loc":{"start":{"line":38,"column":6},"end":{"line":38,"column":18}},"type":"binary-expr","locations":[{"start":{"line":38,"column":6},"end":{"line":38,"column":10}},{"start":{"line":38,"column":14},"end":{"line":38,"column":18}}]},"2":{"loc":{"start":{"line":42,"column":2},"end":{"line":44,"column":null}},"type":"if","locations":[{"start":{"line":42,"column":2},"end":{"line":44,"column":null}}]},"3":{"loc":{"start":{"line":42,"column":6},"end":{"line":42,"column":41}},"type":"binary-expr","locations":[{"start":{"line":42,"column":6},"end":{"line":42,"column":16}},{"start":{"line":42,"column":20},"end":{"line":42,"column":29}},{"start":{"line":42,"column":33},"end":{"line":42,"column":41}}]},"4":{"loc":{"start":{"line":46,"column":2},"end":{"line":48,"column":null}},"type":"if","locations":[{"start":{"line":46,"column":2},"end":{"line":48,"column":null}}]},"5":{"loc":{"start":{"line":46,"column":6},"end":{"line":46,"column":43}},"type":"binary-expr","locations":[{"start":{"line":46,"column":6},"end":{"line":46,"column":16}},{"start":{"line":46,"column":20},"end":{"line":46,"column":30}},{"start":{"line":46,"column":34},"end":{"line":46,"column":43}}]},"6":{"loc":{"start":{"line":56,"column":4},"end":{"line":58,"column":null}},"type":"if","locations":[{"start":{"line":56,"column":4},"end":{"line":58,"column":null}}]},"7":{"loc":{"start":{"line":56,"column":8},"end":{"line":56,"column":77}},"type":"binary-expr","locations":[{"start":{"line":56,"column":8},"end":{"line":56,"column":31}},{"start":{"line":56,"column":35},"end":{"line":56,"column":77}}]},"8":{"loc":{"start":{"line":56,"column":36},"end":{"line":56,"column":75}},"type":"cond-expr","locations":[{"start":{"line":56,"column":64},"end":{"line":56,"column":66}},{"start":{"line":56,"column":64},"end":{"line":56,"column":75}}]},"9":{"loc":{"start":{"line":56,"column":36},"end":{"line":56,"column":66}},"type":"binary-expr","locations":[{"start":{"line":56,"column":36},"end":{"line":56,"column":66}},{"start":{"line":56,"column":64},"end":{"line":56,"column":66}}]},"10":{"loc":{"start":{"line":56,"column":36},"end":{"line":56,"column":64}},"type":"cond-expr","locations":[{"start":{"line":56,"column":55},"end":{"line":56,"column":57}},{"start":{"line":56,"column":55},"end":{"line":56,"column":64}}]},"11":{"loc":{"start":{"line":56,"column":36},"end":{"line":56,"column":57}},"type":"binary-expr","locations":[{"start":{"line":56,"column":36},"end":{"line":56,"column":57}},{"start":{"line":56,"column":55},"end":{"line":56,"column":57}}]},"12":{"loc":{"start":{"line":56,"column":36},"end":{"line":56,"column":55}},"type":"cond-expr","locations":[{"start":{"line":56,"column":49},"end":{"line":56,"column":51}},{"start":{"line":56,"column":49},"end":{"line":56,"column":55}}]},"13":{"loc":{"start":{"line":56,"column":36},"end":{"line":56,"column":51}},"type":"binary-expr","locations":[{"start":{"line":56,"column":36},"end":{"line":56,"column":51}},{"start":{"line":56,"column":49},"end":{"line":56,"column":51}}]},"14":{"loc":{"start":{"line":62,"column":4},"end":{"line":68,"column":null}},"type":"if","locations":[{"start":{"line":62,"column":4},"end":{"line":68,"column":null}},{"start":{"line":65,"column":11},"end":{"line":68,"column":null}}]}},"s":{"0":2,"1":2,"2":4,"3":4,"4":4,"5":0,"6":4,"7":0,"8":4,"9":0,"10":4,"11":4,"12":3,"13":1,"14":2,"15":2,"16":1,"17":1,"18":1,"19":1,"20":2},"f":{"0":4},"b":{"0":[0],"1":[4,4],"2":[0],"3":[4,4,4],"4":[0],"5":[4,4,4],"6":[1],"7":[3,2],"8":[0,2],"9":[2,2],"10":[0,2],"11":[2,2],"12":[0,2],"13":[2,2],"14":[1,1]}}
}
