TN:
SF:src/app.ts
FNF:0
FNH:0
DA:1,1
DA:2,1
DA:3,1
DA:5,1
DA:7,1
DA:8,1
DA:10,1
DA:11,1
DA:12,1
DA:16,1
DA:20,1
DA:25,1
DA:29,1
DA:31,1
DA:32,0
DA:36,1
DA:38,1
LF:17
LH:16
BRDA:31,0,0,0
BRF:1
BRH:0
end_of_record
TN:
SF:src/server.ts
FN:8,createServer
FN:14,(anonymous_9)
FN:20,(anonymous_10)
FN:29,main
FNF:4
FNH:3
FNDA:5,createServer
FNDA:5,(anonymous_9)
FNDA:0,(anonymous_10)
FNDA:5,main
DA:1,1
DA:2,1
DA:3,1
DA:4,1
DA:5,1
DA:9,5
DA:11,5
DA:12,5
DA:13,5
DA:14,5
DA:15,5
DA:16,5
DA:17,5
DA:19,5
DA:20,0
DA:21,0
DA:26,5
DA:29,1
DA:31,5
DA:33,5
DA:35,5
DA:36,5
DA:39,1
DA:40,0
LF:24
LH:21
BRDA:16,0,0,0
BRDA:16,0,1,5
BRDA:16,1,0,0
BRDA:16,1,1,5
BRDA:16,2,0,5
BRDA:16,2,1,5
BRDA:19,3,0,0
BRDA:39,4,0,0
BRF:8
BRH:4
end_of_record
TN:
SF:src/api/apiRoutes.ts
FN:9,(anonymous_1)
FN:13,(anonymous_2)
FNF:2
FNH:2
FNDA:1,(anonymous_1)
FNDA:1,(anonymous_2)
DA:2,1
DA:3,1
DA:4,1
DA:6,1
DA:8,1
DA:10,1
DA:20,1
DA:29,1
DA:33,1
LF:9
LH:9
BRF:0
BRH:0
end_of_record
TN:
SF:src/api/controller/apiController.ts
FN:7,(anonymous_8)
FN:32,(anonymous_10)
FNF:2
FNH:2
FNDA:4,(anonymous_8)
FNDA:1,(anonymous_10)
DA:2,1
DA:3,1
DA:4,1
DA:8,4
DA:12,4
DA:13,2
DA:16,2
DA:17,2
DA:19,2
DA:20,2
DA:22,1
DA:26,1
DA:28,1
DA:33,1
DA:34,1
DA:38,1
DA:39,0
DA:44,0
DA:47,1
DA:49,0
DA:54,1
LF:21
LH:18
BRDA:12,0,0,2
BRDA:12,1,0,4
BRDA:12,1,1,3
BRDA:28,2,0,1
BRDA:28,2,1,0
BRDA:38,3,0,0
BRDA:41,4,0,0
BRDA:41,4,1,0
BRDA:41,5,0,0
BRDA:41,5,1,0
BRF:10
BRH:4
end_of_record
TN:
SF:src/common/commonRouteConfig.ts
FN:7,(anonymous_0)
FN:13,(anonymous_1)
FNF:2
FNH:1
FNDA:1,(anonymous_0)
FNDA:0,(anonymous_1)
DA:3,1
DA:8,1
DA:9,1
DA:10,1
DA:14,0
LF:5
LH:4
BRF:0
BRH:0
end_of_record
TN:
SF:src/common/responseHandler.ts
FN:9,(anonymous_1)
FN:15,(anonymous_2)
FN:21,(anonymous_3)
FN:27,(anonymous_4)
FNF:4
FNH:3
FNDA:2,(anonymous_1)
FNDA:0,(anonymous_2)
FNDA:2,(anonymous_3)
FNDA:1,(anonymous_4)
DA:2,1
DA:10,2
DA:16,0
DA:22,2
DA:28,1
DA:34,1
LF:6
LH:5
BRF:0
BRH:0
end_of_record
TN:
SF:src/config/DBConfig.ts
FN:8,(anonymous_8)
FN:8,(anonymous_9)
FNF:2
FNH:2
FNDA:5,(anonymous_8)
FNDA:5,(anonymous_9)
DA:1,1
DA:2,1
DA:4,1
DA:5,1
DA:6,1
DA:8,5
DA:9,5
DA:11,5
DA:12,5
DA:13,5
DA:14,5
DA:16,0
DA:17,0
DA:18,0
DA:19,0
DA:20,0
DA:24,1
LF:17
LH:12
BRF:0
BRH:0
end_of_record
TN:
SF:src/config/config.ts
FNF:0
FNH:0
DA:1,2
DA:2,2
DA:4,2
DA:13,2
LF:4
LH:4
BRF:0
BRH:0
end_of_record
TN:
SF:src/config/cronJobs.ts
FN:6,fetchAndSaveParisAirQuality
FN:33,startParisAirQualityCron
FNF:2
FNH:1
FNDA:0,fetchAndSaveParisAirQuality
FNDA:5,startParisAirQualityCron
DA:1,1
DA:2,1
DA:3,1
DA:4,1
DA:7,0
DA:8,0
DA:10,0
DA:11,0
DA:16,0
DA:17,0
DA:18,0
DA:21,0
DA:26,0
DA:28,0
DA:33,1
DA:34,5
LF:16
LH:6
BRDA:16,0,0,0
BRF:1
BRH:0
end_of_record
TN:
SF:src/config/requestLogger.ts
FN:10,requestLogger
FN:11,(anonymous_1)
FN:29,onError
FNF:3
FNH:0
FNDA:0,requestLogger
FNDA:0,(anonymous_1)
FNDA:0,onError
DA:10,1
DA:11,0
DA:12,0
DA:14,0
DA:15,0
DA:18,0
DA:19,0
DA:22,0
DA:23,0
DA:26,0
DA:29,1
DA:30,0
DA:31,0
LF:13
LH:2
BRDA:14,0,0,0
BRDA:14,1,0,0
BRDA:14,1,1,0
BRDA:18,2,0,0
BRDA:18,3,0,0
BRDA:18,3,1,0
BRF:6
BRH:0
end_of_record
TN:
SF:src/model/airQuality.ts
FNF:0
FNH:0
DA:1,1
DA:3,1
DA:14,1
DA:16,1
LF:4
LH:4
BRF:0
BRH:0
end_of_record
TN:
SF:src/service/airQualityService.ts
FN:33,fetchAirQualityByCoordinate
FNF:1
FNH:1
FNDA:4,fetchAirQualityByCoordinate
DA:1,2
DA:2,2
DA:33,2
DA:34,4
DA:35,4
DA:38,4
DA:39,0
DA:42,4
DA:43,0
DA:46,4
DA:47,0
DA:50,4
DA:51,4
DA:56,3
DA:57,1
DA:60,2
DA:62,2
DA:63,1
DA:64,1
DA:66,1
DA:67,1
LF:21
LH:18
BRDA:38,0,0,0
BRDA:38,1,0,4
BRDA:38,1,1,4
BRDA:42,2,0,0
BRDA:42,3,0,4
BRDA:42,3,1,4
BRDA:42,3,2,4
BRDA:46,4,0,0
BRDA:46,5,0,4
BRDA:46,5,1,4
BRDA:46,5,2,4
BRDA:56,6,0,1
BRDA:56,7,0,3
BRDA:56,7,1,2
BRDA:56,8,0,0
BRDA:56,8,1,2
BRDA:56,9,0,2
BRDA:56,9,1,2
BRDA:56,10,0,0
BRDA:56,10,1,2
BRDA:56,11,0,2
BRDA:56,11,1,2
BRDA:56,12,0,0
BRDA:56,12,1,2
BRDA:56,13,0,2
BRDA:56,13,1,2
BRDA:62,14,0,1
BRDA:62,14,1,1
BRF:28
BRH:22
end_of_record
